[29886] 2023-07-12 17:10:31,513 [RocketmqMessageConsumption-0-50] INFO  [com.keepthinker.example.mq.rocketmq.PushConsumerExample]: Consume message successfully, messageId=AC12555F52FC17F052A33C54E89C0312
[29886] 2023-07-12 17:10:31,513 [RocketmqMessageConsumption-0-55] INFO  [com.keepthinker.example.mq.rocketmq.PushConsumerExample]: Consume message successfully, messageId=AC12555F52FC17F052A33C54E895030E
[29886] 2023-07-12 17:10:31,513 [RocketmqMessageConsumption-0-41] INFO  [com.keepthinker.example.mq.rocketmq.PushConsumerExample]: Consume message successfully, messageId=AC12555F52FC17F052A33C54E88E030A
[29886] 2023-07-12 17:10:31,513 [RocketmqMessageConsumption-0-43] INFO  [com.keepthinker.example.mq.rocketmq.PushConsumerExample]: Consume message successfully, messageId=AC12555F52FC17F052A33C54E8880306
[29885] 2023-07-12 17:10:31,512 [RocketmqMessageConsumption-0-34] INFO  [com.keepthinker.example.mq.rocketmq.PushConsumerExample]: Consume message successfully, messageId=AC12555F52FC17F052A33C54E9DF03E5
[29885] 2023-07-12 17:10:31,512 [RocketmqMessageConsumption-0-47] INFO  [com.keepthinker.example.mq.rocketmq.PushConsumerExample]: Consume message successfully, messageId=AC12555F52FC17F052A33C54E9DA03E1
[29885] 2023-07-12 17:10:31,512 [RocketmqMessageConsumption-0-44] INFO  [com.keepthinker.example.mq.rocketmq.PushConsumerExample]: Consume message successfully, messageId=AC12555F52FC17F052A33C54E9D403DD
[29887] 2023-07-12 17:10:31,514 [RocketmqMessageConsumption-0-58] INFO  [com.keepthinker.example.mq.rocketmq.PushConsumerExample]: Consume message successfully, messageId=AC12555F52FC17F052A33C54E905034A
[29887] 2023-07-12 17:10:31,514 [RocketmqMessageConsumption-0-52] INFO  [com.keepthinker.example.mq.rocketmq.PushConsumerExample]: Consume message successfully, messageId=AC12555F52FC17F052A33C54E8FD0346
[29886] 2023-07-12 17:10:31,513 [RocketmqMessageConsumption-0-42] INFO  [com.keepthinker.example.mq.rocketmq.PushConsumerExample]: Consume message successfully, messageId=AC12555F52FC17F052A33C54E8F20342
[29898] 2023-07-12 17:10:31,525 [RocketmqMessageConsumption-0-57] INFO  [com.keepthinker.example.mq.rocketmq.PushConsumerExample]: Consume message successfully, messageId=AC12555F52FC17F052A33C54E9160352
[29898] 2023-07-12 17:10:31,525 [RocketmqMessageConsumption-0-56] INFO  [com.keepthinker.example.mq.rocketmq.PushConsumerExample]: Consume message successfully, messageId=AC12555F52FC17F052A33C54E92D035E
[29898] 2023-07-12 17:10:31,525 [RocketmqMessageConsumption-0-40] INFO  [com.keepthinker.example.mq.rocketmq.PushConsumerExample]: Consume message successfully, messageId=AC12555F52FC17F052A33C54E925035A
[29898] 2023-07-12 17:10:31,525 [RocketmqMessageConsumption-0-49] INFO  [com.keepthinker.example.mq.rocketmq.PushConsumerExample]: Consume message successfully, messageId=AC12555F52FC17F052A33C54E91D0356
[29898] 2023-07-12 17:10:31,525 [RocketmqMessageConsumption-0-54] INFO  [com.keepthinker.example.mq.rocketmq.PushConsumerExample]: Consume message successfully, messageId=AC12555F52FC17F052A33C54E90E034E
[29898] 2023-07-12 17:10:31,525 [RocketmqMessageConsumption-0-56] INFO  [com.keepthinker.example.mq.rocketmq.PushConsumerExample]: Consume message successfully, messageId=AC12555F52FC17F052A33C54E98F03A6
[29898] 2023-07-12 17:10:31,525 [RocketmqMessageConsumption-0-57] INFO  [com.keepthinker.example.mq.rocketmq.PushConsumerExample]: Consume message successfully, messageId=AC12555F52FC17F052A33C54E98B03A2
[29898] 2023-07-12 17:10:31,525 [RocketmqMessageConsumption-0-40] INFO  [com.keepthinker.example.mq.rocketmq.PushConsumerExample]: Consume message successfully, messageId=AC12555F52FC17F052A33C54E987039E
[29898] 2023-07-12 17:10:31,525 [RocketmqMessageConsumption-0-54] INFO  [com.keepthinker.example.mq.rocketmq.PushConsumerExample]: Consume message successfully, messageId=AC12555F52FC17F052A33C54E99A03AE
[29898] 2023-07-12 17:10:31,525 [RocketmqMessageConsumption-0-56] INFO  [com.keepthinker.example.mq.rocketmq.PushConsumerExample]: Consume message successfully, messageId=AC12555F52FC17F052A33C54E99F03B2
[29898] 2023-07-12 17:10:31,525 [RocketmqMessageConsumption-0-54] INFO  [com.keepthinker.example.mq.rocketmq.PushConsumerExample]: Consume message successfully, messageId=AC12555F52FC17F052A33C54E9AC03BE
[29898] 2023-07-12 17:10:31,525 [RocketmqMessageConsumption-0-42] INFO  [com.keepthinker.example.mq.rocketmq.PushConsumerExample]: Consume message successfully, messageId=AC12555F52FC17F052A33C54E982039A
[29898] 2023-07-12 17:10:31,525 [RocketmqMessageConsumption-0-52] INFO  [com.keepthinker.example.mq.rocketmq.PushConsumerExample]: Consume message successfully, messageId=AC12555F52FC17F052A33C54E97E0396
[29898] 2023-07-12 17:10:31,525 [RocketmqMessageConsumption-0-58] INFO  [com.keepthinker.example.mq.rocketmq.PushConsumerExample]: Consume message successfully, messageId=AC12555F52FC17F052A33C54E9790392
[29898] 2023-07-12 17:10:31,525 [RocketmqMessageConsumption-0-44] INFO  [com.keepthinker.example.mq.rocketmq.PushConsumerExample]: Consume message successfully, messageId=AC12555F52FC17F052A33C54E975038E
[29898] 2023-07-12 17:10:31,525 [RocketmqMessageConsumption-0-34] INFO  [com.keepthinker.example.mq.rocketmq.PushConsumerExample]: Consume message successfully, messageId=AC12555F52FC17F052A33C54E970038A
[29898] 2023-07-12 17:10:31,525 [RocketmqMessageConsumption-0-47] INFO  [com.keepthinker.example.mq.rocketmq.PushConsumerExample]: Consume message successfully, messageId=AC12555F52FC17F052A33C54E96B0386
[29898] 2023-07-12 17:10:31,525 [RocketmqMessageConsumption-0-43] INFO  [com.keepthinker.example.mq.rocketmq.PushConsumerExample]: Consume message successfully, messageId=AC12555F52FC17F052A33C54E9650382
[29898] 2023-07-12 17:10:31,525 [RocketmqMessageConsumption-0-41] INFO  [com.keepthinker.example.mq.rocketmq.PushConsumerExample]: Consume message successfully, messageId=AC12555F52FC17F052A33C54E95F037E
[29898] 2023-07-12 17:10:31,525 [RocketmqMessageConsumption-0-55] INFO  [com.keepthinker.example.mq.rocketmq.PushConsumerExample]: Consume message successfully, messageId=AC12555F52FC17F052A33C54E958037A
[29898] 2023-07-12 17:10:31,525 [RocketmqMessageConsumption-0-45] INFO  [com.keepthinker.example.mq.rocketmq.PushConsumerExample]: Consume message successfully, messageId=AC12555F52FC17F052A33C54E94C0372
[29898] 2023-07-12 17:10:31,525 [RocketmqMessageConsumption-0-50] INFO  [com.keepthinker.example.mq.rocketmq.PushConsumerExample]: Consume message successfully, messageId=AC12555F52FC17F052A33C54E9520376
[29898] 2023-07-12 17:10:31,525 [RocketmqMessageConsumption-0-46] INFO  [com.keepthinker.example.mq.rocketmq.PushConsumerExample]: Consume message successfully, messageId=AC12555F52FC17F052A33C54E946036E
[29898] 2023-07-12 17:10:31,525 [RocketmqMessageConsumption-0-51] INFO  [com.keepthinker.example.mq.rocketmq.PushConsumerExample]: Consume message successfully, messageId=AC12555F52FC17F052A33C54E940036A
[29898] 2023-07-12 17:10:31,525 [RocketmqMessageConsumption-0-53] INFO  [com.keepthinker.example.mq.rocketmq.PushConsumerExample]: Consume message successfully, messageId=AC12555F52FC17F052A33C54E93A0366
[29898] 2023-07-12 17:10:31,525 [RocketmqMessageConsumption-0-48] INFO  [com.keepthinker.example.mq.rocketmq.PushConsumerExample]: Consume message successfully, messageId=AC12555F52FC17F052A33C54E9340362
[29898] 2023-07-12 17:10:31,525 [RocketmqMessageConsumption-0-42] INFO  [com.keepthinker.example.mq.rocketmq.PushConsumerExample]: Consume message successfully, messageId=AC12555F52FC17F052A33C54E9B903CA
[29898] 2023-07-12 17:10:31,525 [RocketmqMessageConsumption-0-54] INFO  [com.keepthinker.example.mq.rocketmq.PushConsumerExample]: Consume message successfully, messageId=AC12555F52FC17F052A33C54E9B503C6
[29898] 2023-07-12 17:10:31,525 [RocketmqMessageConsumption-0-56] INFO  [com.keepthinker.example.mq.rocketmq.PushConsumerExample]: Consume message successfully, messageId=AC12555F52FC17F052A33C54E9B003C2
[29898] 2023-07-12 17:10:31,525 [RocketmqMessageConsumption-0-57] INFO  [com.keepthinker.example.mq.rocketmq.PushConsumerExample]: Consume message successfully, messageId=AC12555F52FC17F052A33C54E9A803BA
[29898] 2023-07-12 17:10:31,525 [RocketmqMessageConsumption-0-40] INFO  [com.keepthinker.example.mq.rocketmq.PushConsumerExample]: Consume message successfully, messageId=AC12555F52FC17F052A33C54E9A403B6
[29898] 2023-07-12 17:10:31,525 [RocketmqMessageConsumption-0-49] INFO  [com.keepthinker.example.mq.rocketmq.PushConsumerExample]: Consume message successfully, messageId=AC12555F52FC17F052A33C54E99503AA
[29909] 2023-07-12 17:10:31,536 [RocketmqMessageConsumption-0-52] INFO  [com.keepthinker.example.mq.rocketmq.PushConsumerExample]: Consume message successfully, messageId=AC12555F52FC17F052A33C54E9BF03CE
[29909] 2023-07-12 17:10:31,536 [RocketmqMessageConsumption-0-55] INFO  [com.keepthinker.example.mq.rocketmq.PushConsumerExample]: Consume message successfully, messageId=AC12555F52FC17F052A33C54E9E003E6
[29909] 2023-07-12 17:10:31,536 [RocketmqMessageConsumption-0-34] INFO  [com.keepthinker.example.mq.rocketmq.PushConsumerExample]: Consume message successfully, messageId=AC12555F52FC17F052A33C54E9DB03E2
[29909] 2023-07-12 17:10:31,536 [RocketmqMessageConsumption-0-43] INFO  [com.keepthinker.example.mq.rocketmq.PushConsumerExample]: Consume message successfully, messageId=AC12555F52FC17F052A33C54E9D603DE
[29909] 2023-07-12 17:10:31,536 [RocketmqMessageConsumption-0-47] INFO  [com.keepthinker.example.mq.rocketmq.PushConsumerExample]: Consume message successfully, messageId=AC12555F52FC17F052A33C54E9D003DA
[29909] 2023-07-12 17:10:31,536 [RocketmqMessageConsumption-0-58] INFO  [com.keepthinker.example.mq.rocketmq.PushConsumerExample]: Consume message successfully, messageId=AC12555F52FC17F052A33C54E9CB03D6
[29909] 2023-07-12 17:10:31,536 [RocketmqMessageConsumption-0-44] INFO  [com.keepthinker.example.mq.rocketmq.PushConsumerExample]: Consume message successfully, messageId=AC12555F52FC17F052A33C54E9C503D2
[218654] 2023-07-12 17:13:40,281 [RocketmqMessageConsumption-0-45] INFO  [com.keepthinker.example.mq.rocketmq.PushConsumerExample]: Consume message successfully, messageId=0170A8D36EC1338CCC04C008C400000000
[1] 2023-07-12 17:13:40,287 [main] INFO  [com.keepthinker.example.mq.rocketmq.ProducerExample]: Send message successfully, messageId=0170A8D36EC1338CCC04C008C400000000
[0] 2023-07-12 17:15:29,619 [main] INFO  [com.keepthinker.example.mq.rocketmq.ProducerExample]: Send message successfully, messageId=0170A8D36EC133BE5404C0093100000000
[0] 2023-07-12 17:15:29,943 [RocketmqMessageConsumption-0-30] INFO  [com.keepthinker.example.mq.rocketmq.PushConsumerExample]: Consume message successfully, messageId=0170A8D36EC133BE5404C0093100000000|content=java.nio.HeapByteBufferR[pos=0 lim=11 cap=11]
[0] 2023-07-12 17:17:23,853 [main] INFO  [com.keepthinker.example.mq.rocketmq.ProducerExample]: Send message successfully, messageId=0170A8D36EC133926004C009A300000000
[0] 2023-07-12 17:17:57,515 [main] INFO  [com.keepthinker.example.mq.rocketmq.ProducerExample]: Send message successfully, messageId=0170A8D36EC133AA4004C009C500000000
[0] 2023-07-12 17:18:01,236 [RocketmqMessageConsumption-0-41] INFO  [com.keepthinker.example.mq.rocketmq.PushConsumerExample]: Consume message successfully, messageId=0170A8D36EC133AA4004C009C500000000|content=messageBody
[84733] 2023-07-12 17:19:25,969 [RocketmqMessageConsumption-0-42] INFO  [com.keepthinker.example.mq.rocketmq.PushConsumerExample]: Consume message successfully, messageId=0170A8D36EC133926004C009A300000000|content=messageBody
